{
  "answerlengths": {
    
  },
  "answerlocations": {
    "1": [
      0,
      5
    ],
    "2": [
      0,
      8
    ],
    "3": [
      0,
      11
    ],
    "4": [
      2,
      4
    ],
    "5": [
      4,
      0
    ],
    "6": [
      4,
      7
    ],
    "7": [
      6,
      0
    ],
    "8": [
      6,
      2
    ],
    "9": [
      6,
      10
    ],
    "10": [
      6,
      12
    ],
    "11": [
      8,
      7
    ],
    "12": [
      9,
      2
    ],
    "13": [
      9,
      4
    ],
    "14": [
      11,
      9
    ],
    "15": [
      12,
      1
    ]
  },
  "clues": {
    "Across": [
      [
        2,
        "Baby Sheep"
      ],
      [
        4,
        "Baby Fish"
      ],
      [
        5,
        "Baby Fox"
      ],
      [
        6,
        "Baby Dog"
      ],
      [
        7,
        "Baby Duck"
      ],
      [
        11,
        "Baby Eagle"
      ],
      [
        12,
        "Baby Bear"
      ],
      [
        14,
        "Baby Deer"
      ],
      [
        15,
        "Baby Kangaroo"
      ]
    ],
    "Down": [
      [
        1,
        "Baby Horse"
      ],
      [
        3,
        "Baby Rabbit"
      ],
      [
        5,
        "Baby Goat"
      ],
      [
        6,
        "Baby Pig"
      ],
      [
        8,
        "Baby Chicken"
      ],
      [
        9,
        "Baby Cow"
      ],
      [
        10,
        "Baby Cat"
      ],
      [
        13,
        "Baby Human"
      ]
    ]
  },
  "completed_items": [],
  "dimensions": {
    "height": 13,
    "width": 13
  },
  "incomplete_items": [
    [
      2,
      "Across"
    ],
    [
      4,
      "Across"
    ],
    [
      5,
      "Across"
    ],
    [
      6,
      "Across"
    ],
    [
      7,
      "Across"
    ],
    [
      11,
      "Across"
    ],
    [
      12,
      "Across"
    ],
    [
      14,
      "Across"
    ],
    [
      15,
      "Across"
    ],
    [
      1,
      "Down"
    ],
    [
      3,
      "Down"
    ],
    [
      5,
      "Down"
    ],
    [
      6,
      "Down"
    ],
    [
      8,
      "Down"
    ],
    [
      9,
      "Down"
    ],
    [
      10,
      "Down"
    ],
    [
      13,
      "Down"
    ]
  ],
  "items_expanded": {
    
  },
  "items_that_touch_cell": [
    [
      [],
      [],
      [],
      [],
      [],
      [
        [
          [
            1,
            "Down"
          ],
          0
        ]
      ],
      [],
      [],
      [
        [
          [
            2,
            "Across"
          ],
          0
        ]
      ],
      [
        [
          [
            2,
            "Across"
          ],
          1
        ]
      ],
      [
        [
          [
            2,
            "Across"
          ],
          2
        ]
      ],
      [
        [
          [
            2,
            "Across"
          ],
          3
        ],
        [
          [
            3,
            "Down"
          ],
          0
        ]
      ],
      []
    ],
    [
      [],
      [],
      [],
      [],
      [],
      [
        [
          [
            1,
            "Down"
          ],
          1
        ]
      ],
      [],
      [],
      [],
      [],
      [],
      [
        [
          [
            3,
            "Down"
          ],
          1
        ]
      ],
      []
    ],
    [
      [],
      [],
      [],
      [],
      [
        [
          [
            4,
            "Across"
          ],
          0
        ]
      ],
      [
        [
          [
            4,
            "Across"
          ],
          1
        ],
        [
          [
            1,
            "Down"
          ],
          2
        ]
      ],
      [
        [
          [
            4,
            "Across"
          ],
          2
        ]
      ],
      [
        [
          [
            4,
            "Across"
          ],
          3
        ]
      ],
      [
        [
          [
            4,
            "Across"
          ],
          4
        ]
      ],
      [
        [
          [
            4,
            "Across"
          ],
          5
        ]
      ],
      [
        [
          [
            4,
            "Across"
          ],
          6
        ]
      ],
      [
        [
          [
            4,
            "Across"
          ],
          7
        ],
        [
          [
            3,
            "Down"
          ],
          2
        ]
      ],
      [
        [
          [
            4,
            "Across"
          ],
          8
        ]
      ]
    ],
    [
      [],
      [],
      [],
      [],
      [],
      [
        [
          [
            1,
            "Down"
          ],
          3
        ]
      ],
      [],
      [],
      [],
      [],
      [],
      [
        [
          [
            3,
            "Down"
          ],
          3
        ]
      ],
      []
    ],
    [
      [
        [
          [
            5,
            "Across"
          ],
          0
        ],
        [
          [
            5,
            "Down"
          ],
          0
        ]
      ],
      [
        [
          [
            5,
            "Across"
          ],
          1
        ]
      ],
      [
        [
          [
            5,
            "Across"
          ],
          2
        ]
      ],
      [],
      [],
      [],
      [],
      [
        [
          [
            6,
            "Across"
          ],
          0
        ],
        [
          [
            6,
            "Down"
          ],
          0
        ]
      ],
      [
        [
          [
            6,
            "Across"
          ],
          1
        ]
      ],
      [
        [
          [
            6,
            "Across"
          ],
          2
        ]
      ],
      [
        [
          [
            6,
            "Across"
          ],
          3
        ]
      ],
      [
        [
          [
            6,
            "Across"
          ],
          4
        ],
        [
          [
            3,
            "Down"
          ],
          4
        ]
      ],
      []
    ],
    [
      [
        [
          [
            5,
            "Down"
          ],
          1
        ]
      ],
      [],
      [],
      [],
      [],
      [],
      [],
      [
        [
          [
            6,
            "Down"
          ],
          1
        ]
      ],
      [],
      [],
      [],
      [],
      []
    ],
    [
      [
        [
          [
            7,
            "Across"
          ],
          0
        ],
        [
          [
            5,
            "Down"
          ],
          2
        ]
      ],
      [
        [
          [
            7,
            "Across"
          ],
          1
        ]
      ],
      [
        [
          [
            7,
            "Across"
          ],
          2
        ],
        [
          [
            8,
            "Down"
          ],
          0
        ]
      ],
      [
        [
          [
            7,
            "Across"
          ],
          3
        ]
      ],
      [
        [
          [
            7,
            "Across"
          ],
          4
        ]
      ],
      [
        [
          [
            7,
            "Across"
          ],
          5
        ]
      ],
      [
        [
          [
            7,
            "Across"
          ],
          6
        ]
      ],
      [
        [
          [
            7,
            "Across"
          ],
          7
        ],
        [
          [
            6,
            "Down"
          ],
          2
        ]
      ],
      [],
      [],
      [
        [
          [
            9,
            "Down"
          ],
          0
        ]
      ],
      [],
      [
        [
          [
            10,
            "Down"
          ],
          0
        ]
      ]
    ],
    [
      [],
      [],
      [
        [
          [
            8,
            "Down"
          ],
          1
        ]
      ],
      [],
      [],
      [],
      [],
      [
        [
          [
            6,
            "Down"
          ],
          3
        ]
      ],
      [],
      [],
      [
        [
          [
            9,
            "Down"
          ],
          1
        ]
      ],
      [],
      [
        [
          [
            10,
            "Down"
          ],
          1
        ]
      ]
    ],
    [
      [],
      [],
      [
        [
          [
            8,
            "Down"
          ],
          2
        ]
      ],
      [],
      [],
      [],
      [],
      [
        [
          [
            11,
            "Across"
          ],
          0
        ],
        [
          [
            6,
            "Down"
          ],
          4
        ]
      ],
      [
        [
          [
            11,
            "Across"
          ],
          1
        ]
      ],
      [
        [
          [
            11,
            "Across"
          ],
          2
        ]
      ],
      [
        [
          [
            11,
            "Across"
          ],
          3
        ],
        [
          [
            9,
            "Down"
          ],
          2
        ]
      ],
      [
        [
          [
            11,
            "Across"
          ],
          4
        ]
      ],
      [
        [
          [
            11,
            "Across"
          ],
          5
        ],
        [
          [
            10,
            "Down"
          ],
          2
        ]
      ]
    ],
    [
      [],
      [],
      [
        [
          [
            12,
            "Across"
          ],
          0
        ],
        [
          [
            8,
            "Down"
          ],
          3
        ]
      ],
      [
        [
          [
            12,
            "Across"
          ],
          1
        ]
      ],
      [
        [
          [
            12,
            "Across"
          ],
          2
        ],
        [
          [
            13,
            "Down"
          ],
          0
        ]
      ],
      [],
      [],
      [
        [
          [
            6,
            "Down"
          ],
          5
        ]
      ],
      [],
      [],
      [
        [
          [
            9,
            "Down"
          ],
          3
        ]
      ],
      [],
      [
        [
          [
            10,
            "Down"
          ],
          3
        ]
      ]
    ],
    [
      [],
      [],
      [
        [
          [
            8,
            "Down"
          ],
          4
        ]
      ],
      [],
      [
        [
          [
            13,
            "Down"
          ],
          1
        ]
      ],
      [],
      [],
      [],
      [],
      [],
      [],
      [],
      [
        [
          [
            10,
            "Down"
          ],
          4
        ]
      ]
    ],
    [
      [],
      [],
      [],
      [],
      [
        [
          [
            13,
            "Down"
          ],
          2
        ]
      ],
      [],
      [],
      [],
      [],
      [
        [
          [
            14,
            "Across"
          ],
          0
        ]
      ],
      [
        [
          [
            14,
            "Across"
          ],
          1
        ]
      ],
      [
        [
          [
            14,
            "Across"
          ],
          2
        ]
      ],
      [
        [
          [
            14,
            "Across"
          ],
          3
        ],
        [
          [
            10,
            "Down"
          ],
          5
        ]
      ]
    ],
    [
      [],
      [
        [
          [
            15,
            "Across"
          ],
          0
        ]
      ],
      [
        [
          [
            15,
            "Across"
          ],
          1
        ]
      ],
      [
        [
          [
            15,
            "Across"
          ],
          2
        ]
      ],
      [
        [
          [
            15,
            "Across"
          ],
          3
        ],
        [
          [
            13,
            "Down"
          ],
          3
        ]
      ],
      [],
      [],
      [],
      [],
      [],
      [],
      [],
      []
    ]
  ],
  "puzzle": [
    [
      "#",
      "#",
      "#",
      "#",
      "#",
      ".",
      "#",
      "#",
      ".",
      ".",
      ".",
      ".",
      "#"
    ],
    [
      "#",
      "#",
      "#",
      "#",
      "#",
      ".",
      "#",
      "#",
      "#",
      "#",
      "#",
      ".",
      "#"
    ],
    [
      "#",
      "#",
      "#",
      "#",
      ".",
      ".",
      ".",
      ".",
      ".",
      ".",
      ".",
      ".",
      "."
    ],
    [
      "#",
      "#",
      "#",
      "#",
      "#",
      ".",
      "#",
      "#",
      "#",
      "#",
      "#",
      ".",
      "#"
    ],
    [
      ".",
      ".",
      ".",
      "#",
      "#",
      "#",
      "#",
      ".",
      ".",
      ".",
      ".",
      ".",
      "#"
    ],
    [
      ".",
      "#",
      "#",
      "#",
      "#",
      "#",
      "#",
      ".",
      "#",
      "#",
      "#",
      "#",
      "#"
    ],
    [
      ".",
      ".",
      ".",
      ".",
      ".",
      ".",
      ".",
      ".",
      "#",
      "#",
      ".",
      "#",
      "."
    ],
    [
      "#",
      "#",
      ".",
      "#",
      "#",
      "#",
      "#",
      ".",
      "#",
      "#",
      ".",
      "#",
      "."
    ],
    [
      "#",
      "#",
      ".",
      "#",
      "#",
      "#",
      "#",
      ".",
      ".",
      ".",
      ".",
      ".",
      "."
    ],
    [
      "#",
      "#",
      ".",
      ".",
      ".",
      "#",
      "#",
      ".",
      "#",
      "#",
      ".",
      "#",
      "."
    ],
    [
      "#",
      "#",
      ".",
      "#",
      ".",
      "#",
      "#",
      "#",
      "#",
      "#",
      "#",
      "#",
      "."
    ],
    [
      "#",
      "#",
      "#",
      "#",
      ".",
      "#",
      "#",
      "#",
      "#",
      ".",
      ".",
      ".",
      "."
    ],
    [
      "#",
      ".",
      ".",
      ".",
      ".",
      "#",
      "#",
      "#",
      "#",
      "#",
      "#",
      "#",
      "#"
    ]
  ],
  "solution": [
    [
      "#",
      "#",
      "#",
      "#",
      "#",
      "T",
      "#",
      "#",
      "U",
      "N",
      "I",
      "T",
      "#"
    ],
    [
      "#",
      "#",
      "#",
      "#",
      "#",
      "O",
      "#",
      "#",
      "#",
      "#",
      "#",
      "A",
      "#"
    ],
    [
      "#",
      "#",
      "#",
      "#",
      "I",
      "T",
      "I",
      "N",
      "E",
      "R",
      "A",
      "R",
      "Y"
    ],
    [
      "#",
      "#",
      "#",
      "#",
      "#",
      "E",
      "#",
      "#",
      "#",
      "#",
      "#",
      "O",
      "#"
    ],
    [
      "A",
      "T",
      "E",
      "#",
      "#",
      "#",
      "#",
      "H",
      "E",
      "L",
      "O",
      "T",
      "#"
    ],
    [
      "N",
      "#",
      "#",
      "#",
      "#",
      "#",
      "#",
      "A",
      "#",
      "#",
      "#",
      "#",
      "#"
    ],
    [
      "I",
      "T",
      "E",
      "R",
      "A",
      "T",
      "O",
      "R",
      "#",
      "#",
      "E",
      "#",
      "U"
    ],
    [
      "#",
      "#",
      "R",
      "#",
      "#",
      "#",
      "#",
      "A",
      "#",
      "#",
      "R",
      "#",
      "T"
    ],
    [
      "#",
      "#",
      "A",
      "#",
      "#",
      "#",
      "#",
      "R",
      "O",
      "T",
      "A",
      "T",
      "E"
    ],
    [
      "#",
      "#",
      "T",
      "E",
      "T",
      "#",
      "#",
      "E",
      "#",
      "#",
      "S",
      "#",
      "R"
    ],
    [
      "#",
      "#",
      "O",
      "#",
      "U",
      "#",
      "#",
      "#",
      "#",
      "#",
      "#",
      "#",
      "U"
    ],
    [
      "#",
      "#",
      "#",
      "#",
      "T",
      "#",
      "#",
      "#",
      "#",
      "O",
      "T",
      "I",
      "S"
    ],
    [
      "#",
      "T",
      "U",
      "T",
      "U",
      "#",
      "#",
      "#",
      "#",
      "#",
      "#",
      "#",
      "#"
    ]
  ],
  "title": "Baby Animals",
  "unsolved": [
    [
      "Across",
      2,
      4
    ],
    [
      "Across",
      4,
      9
    ],
    [
      "Across",
      5,
      3
    ],
    [
      "Across",
      6,
      5
    ],
    [
      "Across",
      7,
      8
    ],
    [
      "Across",
      11,
      6
    ],
    [
      "Across",
      12,
      3
    ],
    [
      "Across",
      14,
      4
    ],
    [
      "Across",
      15,
      4
    ],
    [
      "Down",
      1,
      4
    ],
    [
      "Down",
      3,
      5
    ],
    [
      "Down",
      5,
      3
    ],
    [
      "Down",
      6,
      6
    ],
    [
      "Down",
      8,
      5
    ],
    [
      "Down",
      9,
      4
    ],
    [
      "Down",
      10,
      6
    ],
    [
      "Down",
      13,
      4
    ]
  ],
  "wordsused": [
    "ATE",
    "OTIS",
    "HARARE",
    "TET",
    "UTERUS",
    "ANI",
    "TUTU",
    "TAROT",
    "UNIT",
    "HELOT",
    "TOTE",
    "ITERATOR",
    "ERAS",
    "ROTATE",
    "ERATO",
    "ITINERARY"
  ]
}